<?xml version="1.0" encoding="UTF-8"?>
<!-- Generated by org.testng.reporters.JUnitReportReporter -->
<testsuite hostname="DESKTOP-DM7HA6N" failures="0" tests="6" name="day1jul23.TwoDPin1Class" time="0.020" errors="0" timestamp="2023-07-01T11:47:16 IST" skipped="0">
  <testcase classname="day1jul23.TwoDPin1Class" name="verifyTest2" time="0.001"/>
  <system-out/>
  <testcase classname="day1jul23.TwoDPin1Class" name="verifyTest1" time="0.008"/>
  <system-out/>
  <testcase classname="day1jul23.TwoDPin1Class" name="verifyTest1" time="0.003"/>
  <system-out/>
  <testcase classname="day1jul23.TwoDPin1Class" name="verifyTest2" time="0.001"/>
  <system-out/>
  <testcase classname="day1jul23.TwoDPin1Class" name="verifyTest2" time="0.002"/>
  <system-out/>
  <testcase classname="day1jul23.TwoDPin1Class" name="verifyTest3" time="0.005"/>
  <system-out/>
</testsuite> <!-- day1jul23.TwoDPin1Class -->
