<?xml version="1.0" encoding="UTF-8"?>
<!-- Generated by org.testng.reporters.JUnitReportReporter -->
<testsuite hostname="DESKTOP-DM7HA6N" failures="0" tests="2" name="day30jun23.HelpingAttributesAnnotations2" time="0.006" errors="0" timestamp="2023-06-30T13:05:03 IST" skipped="0">
  <testcase classname="day30jun23.HelpingAttributesAnnotations2" name="test4" time="0.003"/>
  <system-out/>
  <testcase classname="day30jun23.HelpingAttributesAnnotations2" name="test3" time="0.003"/>
  <system-out/>
</testsuite> <!-- day30jun23.HelpingAttributesAnnotations2 -->
