<?xml version="1.0" encoding="UTF-8"?>
<!-- Generated by org.testng.reporters.JUnitReportReporter -->
<testsuite hostname="DESKTOP-DM7HA6N" failures="0" tests="2" name="day26jun23.Payment" time="0.004" errors="0" timestamp="2023-06-27T11:44:32 IST" skipped="0">
  <testcase classname="day26jun23.Payment" name="verifyPayment" time="0.002"/>
  <system-out/>
  <testcase classname="day26jun23.Payment" name="verifyShipping" time="0.002"/>
  <system-out/>
</testsuite> <!-- day26jun23.Payment -->
