<?xml version="1.0" encoding="UTF-8"?>
<!-- Generated by org.testng.reporters.JUnitReportReporter -->
<testsuite hostname="DESKTOP-DM7HA6N" failures="0" tests="5" name="day1jul23.ClassDP1" time="0.020" errors="0" timestamp="2023-07-01T11:55:54 IST" skipped="0">
  <testcase classname="day1jul23.ClassDP1" name="test2" time="0.002"/>
  <system-out/>
  <testcase classname="day1jul23.ClassDP1" name="test1" time="0.005"/>
  <system-out/>
  <testcase classname="day1jul23.ClassDP1" name="test2" time="0.002"/>
  <system-out/>
  <testcase classname="day1jul23.ClassDP1" name="test1" time="0.009"/>
  <system-out/>
  <testcase classname="day1jul23.ClassDP1" name="test2" time="0.002"/>
  <system-out/>
</testsuite> <!-- day1jul23.ClassDP1 -->
