<?xml version="1.0" encoding="UTF-8"?>
<!-- Generated by org.testng.reporters.JUnitReportReporter -->
<testsuite hostname="DESKTOP-DM7HA6N" failures="0" tests="2" name="day3Jul23.TC4" time="37.896" errors="0" timestamp="2023-07-03T14:32:15 IST" skipped="0">
  <testcase classname="day3Jul23.TC4" name="test2" time="10.215"/>
  <system-out/>
  <testcase classname="day3Jul23.TC4" name="test1" time="27.681"/>
  <system-out/>
</testsuite> <!-- day3Jul23.TC4 -->
