<?xml version="1.0" encoding="UTF-8"?>
<!-- Generated by org.testng.reporters.JUnitReportReporter -->
<testsuite hostname="DESKTOP-DM7HA6N" failures="0" tests="3" name="day26jun23.SalaryAccount" time="0.005" errors="0" timestamp="2023-06-27T11:44:32 IST" skipped="0">
  <testcase classname="day26jun23.SalaryAccount" name="VerifySalaryAccount" time="0.002"/>
  <system-out/>
  <testcase classname="day26jun23.SalaryAccount" name="VerifySavingAccount" time="0.001"/>
  <system-out/>
  <testcase classname="day26jun23.SalaryAccount" name="VerifyCurrentAccount" time="0.002"/>
  <system-out/>
</testsuite> <!-- day26jun23.SalaryAccount -->
