<?xml version="1.0" encoding="UTF-8"?>
<!-- Generated by org.testng.reporters.JUnitReportReporter -->
<testsuite hostname="DESKTOP-DM7HA6N" failures="0" tests="1" name="day30jun23.EexpectedExceptionsDemo" time="0.010" errors="0" timestamp="2023-06-30T14:19:29 IST" skipped="0">
  <testcase classname="day30jun23.EexpectedExceptionsDemo" name="test1" time="0.010"/>
  <system-out/>
</testsuite> <!-- day30jun23.EexpectedExceptionsDemo -->
