<?xml version="1.0" encoding="UTF-8"?>
<!-- Generated by org.testng.reporters.JUnitReportReporter -->
<testsuite hostname="DESKTOP-DM7HA6N" failures="0" tests="2" name="day4jul23.FBClass" time="0.002" errors="0" timestamp="2023-07-04T13:05:21 IST" skipped="1">
  <testcase classname="day4jul23.FBClass" name="FBRegisterUser" time="0.001"/>
  <system-out/>
  <testcase classname="day4jul23.FBClass" name="FBSingupUser" time="0.001">
    <skipped/>
  </testcase> <!-- FBSingupUser -->
  <system-out/>
</testsuite> <!-- day4jul23.FBClass -->
