<?xml version="1.0" encoding="UTF-8"?>
<!-- Generated by org.testng.reporters.JUnitReportReporter -->
<testsuite hostname="DESKTOP-DM7HA6N" failures="0" tests="1" name="day6Jul23.HomeTest" time="0.009" errors="0" timestamp="2023-07-07T14:02:46 IST" skipped="0">
  <testcase classname="day6Jul23.HomeTest" name="test" time="0.009"/>
  <system-out/>
</testsuite> <!-- day6Jul23.HomeTest -->
