<?xml version="1.0" encoding="UTF-8"?>
<!-- Generated by org.testng.reporters.JUnitReportReporter -->
<testsuite hostname="DESKTOP-DM7HA6N" failures="0" tests="3" name="day26jun23.LaunchBrowserDemo" time="0.017" errors="0" timestamp="2023-06-27T11:55:49 IST" skipped="0">
  <testcase classname="day26jun23.LaunchBrowserDemo" name="verifyTitle" time="0.011"/>
  <system-out/>
  <testcase classname="day26jun23.LaunchBrowserDemo" name="verifyUrl" time="0.002"/>
  <system-out/>
  <testcase classname="day26jun23.LaunchBrowserDemo" name="verifyBrowser" time="0.004"/>
  <system-out/>
</testsuite> <!-- day26jun23.LaunchBrowserDemo -->
