<?xml version="1.0" encoding="UTF-8"?>
<!-- Generated by org.testng.reporters.JUnitReportReporter -->
<testsuite hostname="DESKTOP-DM7HA6N" failures="0" tests="2" name="day30jun23.HelpingAttributesAnnotations" time="0.013" errors="0" timestamp="2023-06-30T12:46:12 IST" skipped="0">
  <testcase classname="day30jun23.HelpingAttributesAnnotations" name="test1" time="0.010"/>
  <system-out/>
  <testcase classname="day30jun23.HelpingAttributesAnnotations" name="test2" time="0.003"/>
  <system-out/>
</testsuite> <!-- day30jun23.HelpingAttributesAnnotations -->
