<?xml version="1.0" encoding="UTF-8"?>
<!-- Generated by org.testng.reporters.JUnitReportReporter -->
<testsuite hostname="DESKTOP-DM7HA6N" failures="0" tests="1" name="day11Jul23.AmazonTest" time="10.747" errors="0" timestamp="2023-07-11T14:05:42 IST" skipped="0">
  <testcase classname="day11Jul23.AmazonTest" name="AMTest" time="10.747"/>
  <system-out/>
</testsuite> <!-- day11Jul23.AmazonTest -->
