<?xml version="1.0" encoding="UTF-8"?>
<!-- Generated by org.testng.reporters.JUnitReportReporter -->
<testsuite hostname="DESKTOP-DM7HA6N" failures="0" tests="3" name="day30jun23.DependsOnMethodDemo2" time="0.012" errors="0" timestamp="2023-06-30T13:53:47 IST" skipped="0">
  <testcase classname="day30jun23.DependsOnMethodDemo2" name="regOfUser" time="0.009"/>
  <system-out/>
  <testcase classname="day30jun23.DependsOnMethodDemo2" name="loginToUser" time="0.001"/>
  <system-out/>
  <testcase classname="day30jun23.DependsOnMethodDemo2" name="logout" time="0.002"/>
  <system-out/>
</testsuite> <!-- day30jun23.DependsOnMethodDemo2 -->
