<?xml version="1.0" encoding="UTF-8"?>
<!-- Generated by org.testng.reporters.JUnitReportReporter -->
<testsuite hostname="DESKTOP-DM7HA6N" failures="0" tests="30" name="day30jun23.DataCreation" time="1.935" errors="0" timestamp="2023-06-30T14:02:17 IST" skipped="0">
  <testcase classname="day30jun23.DataCreation" name="createData" time="0.073"/>
  <system-out/>
  <testcase classname="day30jun23.DataCreation" name="createData" time="0.026"/>
  <system-out/>
  <testcase classname="day30jun23.DataCreation" name="createData" time="0.029"/>
  <system-out/>
  <testcase classname="day30jun23.DataCreation" name="createData" time="0.054"/>
  <system-out/>
  <testcase classname="day30jun23.DataCreation" name="createData" time="0.047"/>
  <system-out/>
  <testcase classname="day30jun23.DataCreation" name="createData" time="0.046"/>
  <system-out/>
  <testcase classname="day30jun23.DataCreation" name="createData" time="0.035"/>
  <system-out/>
  <testcase classname="day30jun23.DataCreation" name="createData" time="0.040"/>
  <system-out/>
  <testcase classname="day30jun23.DataCreation" name="createData" time="0.057"/>
  <system-out/>
  <testcase classname="day30jun23.DataCreation" name="createData" time="0.039"/>
  <system-out/>
  <testcase classname="day30jun23.DataCreation" name="createData" time="0.040"/>
  <system-out/>
  <testcase classname="day30jun23.DataCreation" name="createData" time="0.045"/>
  <system-out/>
  <testcase classname="day30jun23.DataCreation" name="createData" time="0.035"/>
  <system-out/>
  <testcase classname="day30jun23.DataCreation" name="createData" time="0.041"/>
  <system-out/>
  <testcase classname="day30jun23.DataCreation" name="createData" time="0.065"/>
  <system-out/>
  <testcase classname="day30jun23.DataCreation" name="createData" time="0.028"/>
  <system-out/>
  <testcase classname="day30jun23.DataCreation" name="createData" time="0.060"/>
  <system-out/>
  <testcase classname="day30jun23.DataCreation" name="createData" time="0.050"/>
  <system-out/>
  <testcase classname="day30jun23.DataCreation" name="createData" time="0.047"/>
  <system-out/>
  <testcase classname="day30jun23.DataCreation" name="createData" time="0.033"/>
  <system-out/>
  <testcase classname="day30jun23.DataCreation" name="createData" time="0.033"/>
  <system-out/>
  <testcase classname="day30jun23.DataCreation" name="createData" time="0.117"/>
  <system-out/>
  <testcase classname="day30jun23.DataCreation" name="createData" time="0.474"/>
  <system-out/>
  <testcase classname="day30jun23.DataCreation" name="createData" time="0.070"/>
  <system-out/>
  <testcase classname="day30jun23.DataCreation" name="createData" time="0.022"/>
  <system-out/>
  <testcase classname="day30jun23.DataCreation" name="createData" time="0.038"/>
  <system-out/>
  <testcase classname="day30jun23.DataCreation" name="createData" time="0.055"/>
  <system-out/>
  <testcase classname="day30jun23.DataCreation" name="createData" time="0.065"/>
  <system-out/>
  <testcase classname="day30jun23.DataCreation" name="createData" time="0.046"/>
  <system-out/>
  <testcase classname="day30jun23.DataCreation" name="createData" time="0.125"/>
  <system-out/>
</testsuite> <!-- day30jun23.DataCreation -->
