<?xml version="1.0" encoding="UTF-8"?>
<!-- Generated by org.testng.reporters.JUnitReportReporter -->
<testsuite hostname="DESKTOP-DM7HA6N" failures="0" tests="4" name="day1jul23.LoginToORangeHRM" time="38.611" errors="0" timestamp="2023-07-01T11:36:01 IST" skipped="0">
  <testcase classname="day1jul23.LoginToORangeHRM" name="LoginToAppl" time="11.398"/>
  <system-out/>
  <testcase classname="day1jul23.LoginToORangeHRM" name="LoginToAppl" time="9.447"/>
  <system-out/>
  <testcase classname="day1jul23.LoginToORangeHRM" name="LoginToAppl" time="8.764"/>
  <system-out/>
  <testcase classname="day1jul23.LoginToORangeHRM" name="LoginToAppl" time="9.002"/>
  <system-out/>
</testsuite> <!-- day1jul23.LoginToORangeHRM -->
