<?xml version="1.0" encoding="UTF-8"?>
<!-- Generated by org.testng.reporters.JUnitReportReporter -->
<testsuite hostname="DESKTOP-DM7HA6N" failures="0" tests="2" name="day1jul23.HashMapDPClass" time="0.008" errors="0" timestamp="2023-07-01T12:08:33 IST" skipped="0">
  <testcase classname="day1jul23.HashMapDPClass" name="test1" time="0.007"/>
  <system-out/>
  <testcase classname="day1jul23.HashMapDPClass" name="test1" time="0.001"/>
  <system-out/>
</testsuite> <!-- day1jul23.HashMapDPClass -->
