<?xml version="1.0" encoding="UTF-8"?>
<!-- Generated by org.testng.reporters.JUnitReportReporter -->
<testsuite hostname="DESKTOP-DM7HA6N" failures="0" tests="4" name="day1jul23.DataProviderDemo2" time="0.034" errors="0" timestamp="2023-07-01T10:53:27 IST" skipped="0">
  <testcase classname="day1jul23.DataProviderDemo2" name="LoginApplWithDifferentUser" time="0.005"/>
  <system-out/>
  <testcase classname="day1jul23.DataProviderDemo2" name="LoginApplWithDifferentUser" time="0.020"/>
  <system-out/>
  <testcase classname="day1jul23.DataProviderDemo2" name="LoginApplWithDifferentUser" time="0.005"/>
  <system-out/>
  <testcase classname="day1jul23.DataProviderDemo2" name="LoginApplWithDifferentUser" time="0.004"/>
  <system-out/>
</testsuite> <!-- day1jul23.DataProviderDemo2 -->
