<?xml version="1.0" encoding="UTF-8"?>
<!-- Generated by org.testng.reporters.JUnitReportReporter -->
<testsuite hostname="DESKTOP-DM7HA6N" failures="0" tests="2" name="day30jun23.HelpingAttributes" time="0.015" errors="0" timestamp="2023-06-30T13:29:39 IST" skipped="0">
  <testcase classname="day30jun23.HelpingAttributes" name="test1" time="0.014"/>
  <system-out/>
  <testcase classname="day30jun23.HelpingAttributes" name="test2" time="0.001"/>
  <system-out/>
</testsuite> <!-- day30jun23.HelpingAttributes -->
