<?xml version="1.0" encoding="UTF-8"?>
<!-- Generated by org.testng.reporters.JUnitReportReporter -->
<testsuite hostname="DESKTOP-DM7HA6N" failures="0" tests="1" name="day6Jul23.HomeTest" time="0.007" errors="0" timestamp="2023-07-07T14:15:05 IST" skipped="0">
  <testcase classname="day6Jul23.HomeTest" name="test" time="0.007"/>
</testsuite> <!-- day6Jul23.HomeTest -->
